<?xml version="1.0" encoding="UTF-8"?>
<!-- Generated by org.testng.reporters.JUnitReportReporter -->
<testsuite hostname="YCSLAP0575" failures="0" tests="3" name="com.mercury.test.FlightFinderRegressionSuite" time="35.900" errors="0" timestamp="21 Oct 2022 20:35:49 GMT">
  <testcase classname="com.mercury.test.FlightFinderRegressionSuite" name="VerifyPassengersValueSelection" time="13.442"/>
  <testcase classname="com.mercury.test.FlightFinderRegressionSuite" name="verifyDefaultSelectionFlightType" time="10.710"/>
  <testcase classname="com.mercury.test.FlightFinderRegressionSuite" name="verifyDepartingFromValueSelection" time="11.748"/>
</testsuite> <!-- com.mercury.test.FlightFinderRegressionSuite -->
