<?xml version="1.0" encoding="UTF-8"?>
<!-- Generated by org.testng.reporters.JUnitReportReporter -->
<testsuite hostname="YCSLAP0575" failures="0" tests="2" name="com.mercury.test.LoginRegressionSuite" time="36.306" errors="0" timestamp="21 Oct 2022 20:35:49 GMT">
  <testcase classname="com.mercury.test.LoginRegressionSuite" name="verifyValidLogin" time="14.185"/>
  <testcase classname="com.mercury.test.LoginRegressionSuite" name="verifyInvalidLogin" time="22.121"/>
</testsuite> <!-- com.mercury.test.LoginRegressionSuite -->
