<?xml version="1.0" encoding="UTF-8"?>
<!-- Generated by org.testng.reporters.JUnitReportReporter -->
<testsuite hostname="YCSLAP0575" failures="0" tests="4" name="com.mercury.gradle.test.FlightFinderRegressionSuite" time="44.172" errors="0" timestamp="2022-11-03T02:25:32 IST" skipped="0">
  <testcase classname="com.mercury.gradle.test.FlightFinderRegressionSuite" name="verifyDefaultSelectionFlightType" time="10.371"/>
  <system-out/>
  <testcase classname="com.mercury.gradle.test.FlightFinderRegressionSuite" name="verifyDepartingFromValueSelection" time="12.667"/>
  <system-out/>
  <testcase classname="com.mercury.gradle.test.FlightFinderRegressionSuite" name="arrivingInValueSelection" time="11.183"/>
  <system-out/>
  <testcase classname="com.mercury.gradle.test.FlightFinderRegressionSuite" name="airlinesValueSelection" time="9.951"/>
  <system-out/>
</testsuite> <!-- com.mercury.gradle.test.FlightFinderRegressionSuite -->
