<?xml version="1.0" encoding="UTF-8"?>
<!-- Generated by org.testng.reporters.JUnitReportReporter -->
<testsuite hostname="YCSLAP0575" failures="0" tests="2" name="com.mercury.test.LoginRegressionSuite" time="32.319" errors="0" timestamp="2022-10-15T17:46:10 IST" skipped="0">
  <testcase classname="com.mercury.test.LoginRegressionSuite" name="verifyValidLogin" time="11.581"/>
  <system-out/>
  <testcase classname="com.mercury.test.LoginRegressionSuite" name="verifyInvalidLogin" time="20.738"/>
  <system-out/>
</testsuite> <!-- com.mercury.test.LoginRegressionSuite -->
