<?xml version="1.0" encoding="UTF-8"?>
<!-- Generated by org.testng.reporters.JUnitReportReporter -->
<testsuite hostname="YCSLAP0575" failures="0" tests="2" name="com.mercury.gradle.test.LoginRegressionSuite" time="24.643" errors="0" timestamp="2022-10-15T17:50:34 IST" skipped="0">
  <testcase classname="com.mercury.gradle.test.LoginRegressionSuite" name="verifyValidLogin" time="12.944"/>
  <system-out/>
  <testcase classname="com.mercury.gradle.test.LoginRegressionSuite" name="verifyInvalidLogin" time="11.699"/>
  <system-out/>
</testsuite> <!-- com.mercury.gradle.test.LoginRegressionSuite -->
