<?xml version="1.0" encoding="UTF-8"?>
<!-- Generated by org.testng.reporters.JUnitReportReporter -->
<testsuite hostname="YCSLAP0575" failures="0" tests="2" name="com.mercury.test.FlightFinderRegressionSuite" time="23.576" errors="0" timestamp="2022-10-15T17:46:10 IST" skipped="0">
  <testcase classname="com.mercury.test.FlightFinderRegressionSuite" name="verifyDefaultSelectionFlightType" time="12.169"/>
  <system-out/>
  <testcase classname="com.mercury.test.FlightFinderRegressionSuite" name="verifyDepartingFromValueSelection" time="11.407"/>
  <system-out/>
</testsuite> <!-- com.mercury.test.FlightFinderRegressionSuite -->
